<?xml version="1.0" encoding="UTF-8"?>
<testsuite xmlns:xsi="http://www.w3.org/2001/XMLSchema-instance" xsi:noNamespaceSchemaLocation="https://maven.apache.org/surefire/maven-surefire-plugin/xsd/surefire-test-report.xsd" name="tqs.TqsStackTest" time="0.037" tests="9" errors="0" skipped="0" failures="7">
  <properties>
[...]
</properties>
  <testcase name="size0onConst" classname="tqs.TqsStackTest" time="0.015"/>
  <testcase name="emptyOnConst" classname="tqs.TqsStackTest" time="0.006">
    <failure message="expected: &lt;true&gt; but was: &lt;false&gt;" type="org.opentest4j.AssertionFailedError"><![CDATA[org.opentest4j.AssertionFailedError: expected: <true> but was: <false>
	at tqs.TqsStackTest.emptyOnConst(TqsStackTest.java:23)
]]></failure>
  </testcase>
  <testcase name="popAll" classname="tqs.TqsStackTest" time="0.003">
    <failure message="Multiple Failures (1 failure)&#10;	org.opentest4j.AssertionFailedError: expected: &lt;true&gt; but was: &lt;false&gt;" type="org.opentest4j.MultipleFailuresError"><![CDATA[org.opentest4j.MultipleFailuresError: 
Multiple Failures (1 failure)
	org.opentest4j.AssertionFailedError: expected: <true> but was: <false>
	at tqs.TqsStackTest.popAll(TqsStackTest.java:74)
]]></failure>
  </testcase>
  <testcase name="pushBounded" classname="tqs.TqsStackTest" time="0"/>
  <testcase name="pop" classname="tqs.TqsStackTest" time="0.001">
    <failure message="expected: &lt;second&gt; but was: &lt;null&gt;" type="org.opentest4j.AssertionFailedError"><![CDATA[org.opentest4j.AssertionFailedError: expected: <second> but was: <null>
	at tqs.TqsStackTest.pop(TqsStackTest.java:49)
]]></failure>
  </testcase>
  <testcase name="peek" classname="tqs.TqsStackTest" time="0.001">
    <failure message="Multiple Failures (2 failures)&#10;	org.opentest4j.AssertionFailedError: expected: &lt;second&gt; but was: &lt;null&gt;&#10;	org.opentest4j.AssertionFailedError: expected: &lt;2&gt; but was: &lt;0&gt;" type="org.opentest4j.MultipleFailuresError"><![CDATA[org.opentest4j.MultipleFailuresError: 
Multiple Failures (2 failures)
	org.opentest4j.AssertionFailedError: expected: <second> but was: <null>
	org.opentest4j.AssertionFailedError: expected: <2> but was: <0>
	at tqs.TqsStackTest.peek(TqsStackTest.java:57)
]]></failure>
  </testcase>
  <testcase name="push" classname="tqs.TqsStackTest" time="0.001">
    <failure message="Multiple Failures (1 failure)&#10;	org.opentest4j.AssertionFailedError: expected: &lt;2&gt; but was: &lt;0&gt;" type="org.opentest4j.MultipleFailuresError"><![CDATA[org.opentest4j.MultipleFailuresError: 
Multiple Failures (1 failure)
	org.opentest4j.AssertionFailedError: expected: <2> but was: <0>
	at tqs.TqsStackTest.push(TqsStackTest.java:38)
]]></failure>
  </testcase>
  <testcase name="popEmpty" classname="tqs.TqsStackTest" time="0.001">
    <failure message="Expected java.util.NoSuchElementException to be thrown, but nothing was thrown." type="org.opentest4j.AssertionFailedError">org.opentest4j.AssertionFailedError: Expected java.util.NoSuchElementException to be thrown, but nothing was thrown.
	at tqs.TqsStackTest.popEmpty(TqsStackTest.java:83)
</failure>
  </testcase>
  <testcase name="peekEmpty" classname="tqs.TqsStackTest" time="0.001">
    <failure message="Expected java.util.NoSuchElementException to be thrown, but nothing was thrown." type="org.opentest4j.AssertionFailedError">org.opentest4j.AssertionFailedError: Expected java.util.NoSuchElementException to be thrown, but nothing was thrown.
	at tqs.TqsStackTest.peekEmpty(TqsStackTest.java:89)
</failure>
  </testcase>
</testsuite>